{"C:\\Users\\madis\\Desktop\\challenge1\\oop-team-profile-gen\\lib\\Employee.js": {"path":"C:\\Users\\madis\\Desktop\\challenge1\\oop-team-profile-gen\\lib\\Employee.js","statementMap":{"0":{"start":{"line":2,"column":4},"end":{"line":2,"column":16}},"1":{"start":{"line":6,"column":0},"end":{"line":6,"column":25}}},"fnMap":{"0":{"name":"Employee","decl":{"start":{"line":1,"column":9},"end":{"line":1,"column":17}},"loc":{"start":{"line":1,"column":24},"end":{"line":3,"column":1}},"line":1}},"branchMap":{},"s":{"0":1,"1":1},"f":{"0":1},"b":{},"_coverageSchema":"1a1c01bbd47fc00a2c39e90264f33305004495a9","hash":"b382911e68345b339de901d7f30a22ae8a185d4c"}
,"C:\\Users\\madis\\Desktop\\challenge1\\oop-team-profile-gen\\lib\\Engineer.js": {"path":"C:\\Users\\madis\\Desktop\\challenge1\\oop-team-profile-gen\\lib\\Engineer.js","statementMap":{"0":{"start":{"line":2,"column":4},"end":{"line":2,"column":21}},"1":{"start":{"line":5,"column":0},"end":{"line":5,"column":25}}},"fnMap":{"0":{"name":"Engineer","decl":{"start":{"line":1,"column":9},"end":{"line":1,"column":17}},"loc":{"start":{"line":1,"column":25},"end":{"line":3,"column":1}},"line":1}},"branchMap":{},"s":{"0":2,"1":1},"f":{"0":2},"b":{},"_coverageSchema":"1a1c01bbd47fc00a2c39e90264f33305004495a9","hash":"db4cc7a78fb1fb85d2bc4b46a0eeefed366e703c"}
,"C:\\Users\\madis\\Desktop\\challenge1\\oop-team-profile-gen\\lib\\Intern.js": {"path":"C:\\Users\\madis\\Desktop\\challenge1\\oop-team-profile-gen\\lib\\Intern.js","statementMap":{"0":{"start":{"line":2,"column":4},"end":{"line":2,"column":16}},"1":{"start":{"line":6,"column":0},"end":{"line":6,"column":23}}},"fnMap":{"0":{"name":"Intern","decl":{"start":{"line":1,"column":9},"end":{"line":1,"column":15}},"loc":{"start":{"line":1,"column":22},"end":{"line":3,"column":1}},"line":1}},"branchMap":{},"s":{"0":1,"1":1},"f":{"0":1},"b":{},"_coverageSchema":"1a1c01bbd47fc00a2c39e90264f33305004495a9","hash":"8c1b04a947c4a1cfa3bdea656fd40c9d471ccb7a"}
}
