{"C:\\Users\\madis\\Desktop\\challenge1\\oop-team-profile-gen\\lib\\Employee.js": {"path":"C:\\Users\\madis\\Desktop\\challenge1\\oop-team-profile-gen\\lib\\Employee.js","statementMap":{"0":{"start":{"line":2,"column":4},"end":{"line":2,"column":16}},"1":{"start":{"line":6,"column":0},"end":{"line":6,"column":25}}},"fnMap":{"0":{"name":"Employee","decl":{"start":{"line":1,"column":9},"end":{"line":1,"column":17}},"loc":{"start":{"line":1,"column":24},"end":{"line":3,"column":1}},"line":1}},"branchMap":{},"s":{"0":1,"1":1},"f":{"0":1},"b":{},"_coverageSchema":"1a1c01bbd47fc00a2c39e90264f33305004495a9","hash":"b382911e68345b339de901d7f30a22ae8a185d4c"}
,"C:\\Users\\madis\\Desktop\\challenge1\\oop-team-profile-gen\\lib\\Engineer.js": {"path":"C:\\Users\\madis\\Desktop\\challenge1\\oop-team-profile-gen\\lib\\Engineer.js","statementMap":{"0":{"start":{"line":2,"column":4},"end":{"line":2,"column":21}},"1":{"start":{"line":5,"column":0},"end":{"line":5,"column":25}}},"fnMap":{"0":{"name":"Engineer","decl":{"start":{"line":1,"column":9},"end":{"line":1,"column":17}},"loc":{"start":{"line":1,"column":25},"end":{"line":3,"column":1}},"line":1}},"branchMap":{},"s":{"0":2,"1":1},"f":{"0":2},"b":{},"_coverageSchema":"1a1c01bbd47fc00a2c39e90264f33305004495a9","hash":"db4cc7a78fb1fb85d2bc4b46a0eeefed366e703c"}
,"C:\\Users\\madis\\Desktop\\challenge1\\oop-team-profile-gen\\lib\\Intern.js": {"path":"C:\\Users\\madis\\Desktop\\challenge1\\oop-team-profile-gen\\lib\\Intern.js","statementMap":{"0":{"start":{"line":2,"column":4},"end":{"line":2,"column":16}},"1":{"start":{"line":6,"column":0},"end":{"line":6,"column":23}},"2":{"start":{"line":11,"column":17},"end":{"line":11,"column":36}},"3":{"start":{"line":17,"column":19},"end":{"line":56,"column":1}},"4":{"start":{"line":18,"column":4},"end":{"line":55,"column":6}},"5":{"start":{"line":24,"column":12},"end":{"line":29,"column":13}},"6":{"start":{"line":25,"column":16},"end":{"line":25,"column":28}},"7":{"start":{"line":27,"column":16},"end":{"line":27,"column":63}},"8":{"start":{"line":28,"column":16},"end":{"line":28,"column":29}},"9":{"start":{"line":42,"column":16},"end":{"line":47,"column":17}},"10":{"start":{"line":43,"column":20},"end":{"line":43,"column":32}},"11":{"start":{"line":45,"column":20},"end":{"line":45,"column":76}},"12":{"start":{"line":46,"column":20},"end":{"line":46,"column":33}}},"fnMap":{"0":{"name":"Intern","decl":{"start":{"line":1,"column":9},"end":{"line":1,"column":15}},"loc":{"start":{"line":1,"column":22},"end":{"line":3,"column":1}},"line":1},"1":{"name":"(anonymous_1)","decl":{"start":{"line":17,"column":19},"end":{"line":17,"column":20}},"loc":{"start":{"line":17,"column":33},"end":{"line":56,"column":1}},"line":17},"2":{"name":"(anonymous_2)","decl":{"start":{"line":23,"column":19},"end":{"line":23,"column":20}},"loc":{"start":{"line":23,"column":32},"end":{"line":30,"column":13}},"line":23},"3":{"name":"(anonymous_3)","decl":{"start":{"line":41,"column":22},"end":{"line":41,"column":23}},"loc":{"start":{"line":41,"column":36},"end":{"line":48,"column":13}},"line":41}},"branchMap":{"0":{"loc":{"start":{"line":24,"column":12},"end":{"line":29,"column":13}},"type":"if","locations":[{"start":{"line":24,"column":12},"end":{"line":29,"column":13}},{"start":{"line":26,"column":19},"end":{"line":29,"column":13}}],"line":24},"1":{"loc":{"start":{"line":42,"column":16},"end":{"line":47,"column":17}},"type":"if","locations":[{"start":{"line":42,"column":16},"end":{"line":47,"column":17}},{"start":{"line":44,"column":23},"end":{"line":47,"column":17}}],"line":42}},"s":{"0":1,"1":1,"2":1,"3":1,"4":0,"5":0,"6":0,"7":0,"8":0,"9":0,"10":0,"11":0,"12":0},"f":{"0":1,"1":0,"2":0,"3":0},"b":{"0":[0,0],"1":[0,0]},"_coverageSchema":"1a1c01bbd47fc00a2c39e90264f33305004495a9","hash":"5190b0aa74492251e5f1dcdea7ab6ef58966bc7d"}
}
