TN:
SF:lib\Employee.js
FN:1,Employee
FNF:1
FNH:1
FNDA:1,Employee
DA:2,1
DA:6,1
LF:2
LH:2
BRF:0
BRH:0
end_of_record
TN:
SF:lib\Engineer.js
FN:1,Engineer
FNF:1
FNH:1
FNDA:2,Engineer
DA:2,2
DA:5,1
LF:2
LH:2
BRF:0
BRH:0
end_of_record
TN:
SF:lib\Intern.js
FN:1,Intern
FN:17,(anonymous_1)
FN:23,(anonymous_2)
FN:41,(anonymous_3)
FNF:4
FNH:1
FNDA:1,Intern
FNDA:0,(anonymous_1)
FNDA:0,(anonymous_2)
FNDA:0,(anonymous_3)
DA:2,1
DA:6,1
DA:11,1
DA:17,1
DA:18,0
DA:24,0
DA:25,0
DA:27,0
DA:28,0
DA:42,0
DA:43,0
DA:45,0
DA:46,0
LF:13
LH:4
BRDA:24,0,0,0
BRDA:24,0,1,0
BRDA:42,1,0,0
BRDA:42,1,1,0
BRF:4
BRH:0
end_of_record
