TN:
SF:lib\Employee.js
FN:10,(anonymous_0)
FN:17,(anonymous_1)
FN:22,(anonymous_2)
FN:25,(anonymous_3)
FN:29,(anonymous_4)
FNF:5
FNH:5
FNDA:19,(anonymous_0)
FNDA:4,(anonymous_1)
FNDA:4,(anonymous_2)
FNDA:4,(anonymous_3)
FNDA:4,(anonymous_4)
DA:11,19
DA:12,19
DA:13,19
DA:14,19
DA:18,4
DA:23,4
DA:26,4
DA:30,4
DA:34,4
LF:9
LH:9
BRF:0
BRH:0
end_of_record
TN:
SF:lib\Engineer.js
FN:4,(anonymous_0)
FN:8,(anonymous_1)
FNF:2
FNH:2
FNDA:5,(anonymous_0)
FNDA:1,(anonymous_1)
DA:1,1
DA:5,5
DA:6,5
DA:9,1
DA:15,1
LF:5
LH:5
BRF:0
BRH:0
end_of_record
TN:
SF:lib\Intern.js
FN:6,(anonymous_0)
FN:10,(anonymous_1)
FNF:2
FNH:2
FNDA:5,(anonymous_0)
FNDA:1,(anonymous_1)
DA:3,1
DA:7,5
DA:8,5
DA:11,1
DA:16,1
LF:5
LH:5
BRF:0
BRH:0
end_of_record
TN:
SF:lib\Manager.js
FN:4,(anonymous_0)
FN:8,(anonymous_1)
FNF:2
FNH:2
FNDA:5,(anonymous_0)
FNDA:1,(anonymous_1)
DA:1,1
DA:5,5
DA:6,5
DA:9,1
DA:14,1
LF:5
LH:5
BRF:0
BRH:0
end_of_record
